{"meta": {"format": 3, "version": "7.13.1", "timestamp": "2026-01-07T10:31:58.121780", "branch_coverage": false, "show_contexts": false}, "files": {"src/graph/subgraph.py": {"executed_lines": [17, 18, 19, 20, 21, 27, 39, 61, 63, 64, 65, 66, 69, 70, 71, 73, 74, 75, 76, 77, 78, 80, 82, 84, 86, 101, 102, 103, 104, 105, 106, 107, 108, 109, 111, 113, 130, 216, 219, 220, 221, 222, 226, 230, 234, 238, 243, 244, 245, 246, 249, 253, 254, 255, 256, 257, 258, 261, 268, 292, 295, 296, 297, 298, 299, 302, 306, 309, 310, 311, 312, 315, 325, 328, 341, 342, 343, 344, 346, 353, 413], "summary": {"covered_lines": 81, "num_statements": 108, "percent_covered": 75.0, "percent_covered_display": "75", "missing_lines": 27, "excluded_lines": 0, "percent_statements_covered": 75.0, "percent_statements_covered_display": "75"}, "missing_lines": [228, 232, 236, 240, 304, 317, 319, 320, 322, 365, 367, 370, 371, 374, 390, 392, 393, 396, 397, 398, 399, 400, 401, 402, 403, 404, 406], "excluded_lines": [], "functions": {"aggregate_results": {"executed_lines": [61, 63, 64, 65, 66, 69, 70, 71, 73, 74, 75, 76, 77, 78, 80, 82, 84, 86, 101, 102, 103, 104, 105, 106, 107, 108, 109, 111, 113], "summary": {"covered_lines": 29, "num_statements": 29, "percent_covered": 100.0, "percent_covered_display": "100", "missing_lines": 0, "excluded_lines": 0, "percent_statements_covered": 100.0, "percent_statements_covered_display": "100"}, "missing_lines": [], "excluded_lines": [], "start_line": 39}, "create_manager_subgraph": {"executed_lines": [216, 219, 220, 221, 222, 226, 230, 234, 238, 243, 244, 245, 246, 249, 253, 254, 255, 256, 257, 258, 261], "summary": {"covered_lines": 21, "num_statements": 21, "percent_covered": 100.0, "percent_covered_display": "100", "missing_lines": 0, "excluded_lines": 0, "percent_statements_covered": 100.0, "percent_statements_covered_display": "100"}, "missing_lines": [], "excluded_lines": [], "start_line": 130}, "create_manager_subgraph.excel_parser_node": {"executed_lines": [], "summary": {"covered_lines": 0, "num_statements": 1, "percent_covered": 0.0, "percent_covered_display": "0", "missing_lines": 1, "excluded_lines": 0, "percent_statements_covered": 0.0, "percent_statements_covered_display": "0"}, "missing_lines": [228], "excluded_lines": [], "start_line": 226}, "create_manager_subgraph.standard_retriever_node": {"executed_lines": [], "summary": {"covered_lines": 0, "num_statements": 1, "percent_covered": 0.0, "percent_covered_display": "0", "missing_lines": 1, "excluded_lines": 0, "percent_statements_covered": 0.0, "percent_statements_covered_display": "0"}, "missing_lines": [232], "excluded_lines": [], "start_line": 230}, "create_manager_subgraph.vouching_assistant_node": {"executed_lines": [], "summary": {"covered_lines": 0, "num_statements": 1, "percent_covered": 0.0, "percent_covered_display": "0", "missing_lines": 1, "excluded_lines": 0, "percent_statements_covered": 0.0, "percent_statements_covered_display": "0"}, "missing_lines": [236], "excluded_lines": [], "start_line": 234}, "create_manager_subgraph.workpaper_generator_node": {"executed_lines": [], "summary": {"covered_lines": 0, "num_statements": 1, "percent_covered": 0.0, "percent_covered_display": "0", "missing_lines": 1, "excluded_lines": 0, "percent_statements_covered": 0.0, "percent_statements_covered_display": "0"}, "missing_lines": [240], "excluded_lines": [], "start_line": 238}, "create_manager_subgraph_with_routing": {"executed_lines": [292, 295, 296, 297, 298, 299, 302, 306, 309, 310, 311, 312, 315, 325, 328, 341, 342, 343, 344, 346], "summary": {"covered_lines": 20, "num_statements": 20, "percent_covered": 100.0, "percent_covered_display": "100", "missing_lines": 0, "excluded_lines": 0, "percent_statements_covered": 100.0, "percent_statements_covered_display": "100"}, "missing_lines": [], "excluded_lines": [], "start_line": 268}, "create_manager_subgraph_with_routing.manager_router": {"executed_lines": [], "summary": {"covered_lines": 0, "num_statements": 1, "percent_covered": 0.0, "percent_covered_display": "0", "missing_lines": 1, "excluded_lines": 0, "percent_statements_covered": 0.0, "percent_statements_covered_display": "0"}, "missing_lines": [304], "excluded_lines": [], "start_line": 302}, "create_manager_subgraph_with_routing.route_to_staff": {"executed_lines": [], "summary": {"covered_lines": 0, "num_statements": 4, "percent_covered": 0.0, "percent_covered_display": "0", "missing_lines": 4, "excluded_lines": 0, "percent_statements_covered": 0.0, "percent_statements_covered_display": "0"}, "missing_lines": [317, 319, 320, 322], "excluded_lines": [], "start_line": 315}, "test_manager_subgraph": {"executed_lines": [], "summary": {"covered_lines": 0, "num_statements": 18, "percent_covered": 0.0, "percent_covered_display": "0", "missing_lines": 18, "excluded_lines": 0, "percent_statements_covered": 0.0, "percent_statements_covered_display": "0"}, "missing_lines": [365, 367, 370, 371, 374, 390, 392, 393, 396, 397, 398, 399, 400, 401, 402, 403, 404, 406], "excluded_lines": [], "start_line": 353}, "": {"executed_lines": [17, 18, 19, 20, 21, 27, 39, 130, 268, 353, 413], "summary": {"covered_lines": 11, "num_statements": 11, "percent_covered": 100.0, "percent_covered_display": "100", "missing_lines": 0, "excluded_lines": 0, "percent_statements_covered": 100.0, "percent_statements_covered_display": "100"}, "missing_lines": [], "excluded_lines": [], "start_line": 1}}, "classes": {"": {"executed_lines": [17, 18, 19, 20, 21, 27, 39, 61, 63, 64, 65, 66, 69, 70, 71, 73, 74, 75, 76, 77, 78, 80, 82, 84, 86, 101, 102, 103, 104, 105, 106, 107, 108, 109, 111, 113, 130, 216, 219, 220, 221, 222, 226, 230, 234, 238, 243, 244, 245, 246, 249, 253, 254, 255, 256, 257, 258, 261, 268, 292, 295, 296, 297, 298, 299, 302, 306, 309, 310, 311, 312, 315, 325, 328, 341, 342, 343, 344, 346, 353, 413], "summary": {"covered_lines": 81, "num_statements": 108, "percent_covered": 75.0, "percent_covered_display": "75", "missing_lines": 27, "excluded_lines": 0, "percent_statements_covered": 75.0, "percent_statements_covered_display": "75"}, "missing_lines": [228, 232, 236, 240, 304, 317, 319, 320, 322, 365, 367, 370, 371, 374, 390, 392, 393, 396, 397, 398, 399, 400, 401, 402, 403, 404, 406], "excluded_lines": [], "start_line": 1}}}}, "totals": {"covered_lines": 81, "num_statements": 108, "percent_covered": 75.0, "percent_covered_display": "75", "missing_lines": 27, "excluded_lines": 0, "percent_statements_covered": 75.0, "percent_statements_covered_display": "75"}}